[ Sep 08 2011 06:59:44 ] [var/cache/ini/a44bdb0da45f78a769f7b3ec404f97c5.php]
[ Sep 08 2011 06:59:44 ] [var/cache/ini/368e66b3a21d448c39ca8c0933583ef3.php]
[ Sep 08 2011 06:59:44 ] [var/cache/ini/acab0684546b52399d139e4b780b02ae.php]
[ Sep 08 2011 06:59:44 ] [var/cache/ini/21f3b6259419cfcdc3851adca6910782.php]
[ Sep 08 2011 06:59:44 ] [var/cache/ini/f5e4bc1c09aa58e9e1ce2421aef1df9d.php]
[ Sep 08 2011 06:59:44 ] [var/cache/ini/a4c5b4c6e394e4ffa6eed6704f5188fa.php]
[ Sep 08 2011 07:01:09 ] [var/cache/ini/a44bdb0da45f78a769f7b3ec404f97c5.php]
[ Sep 08 2011 07:01:09 ] [var/cache/ini/368e66b3a21d448c39ca8c0933583ef3.php]
[ Sep 08 2011 07:01:09 ] [var/cache/ini/acab0684546b52399d139e4b780b02ae.php]
[ Sep 08 2011 07:01:09 ] [var/cache/ini/21f3b6259419cfcdc3851adca6910782.php]
[ Sep 08 2011 07:01:09 ] [var/cache/ini/f5e4bc1c09aa58e9e1ce2421aef1df9d.php]
[ Sep 08 2011 07:01:09 ] [var/cache/ini/a4c5b4c6e394e4ffa6eed6704f5188fa.php]
[ Sep 08 2011 07:07:14 ] [var/cache/ini/a44bdb0da45f78a769f7b3ec404f97c5.php]
[ Sep 08 2011 07:07:14 ] [var/cache/ini/368e66b3a21d448c39ca8c0933583ef3.php]
[ Sep 08 2011 07:07:14 ] [var/cache/ini/acab0684546b52399d139e4b780b02ae.php]
[ Sep 08 2011 07:07:14 ] [var/cache/ini/21f3b6259419cfcdc3851adca6910782.php]
[ Sep 08 2011 07:07:14 ] [var/cache/ini/f5e4bc1c09aa58e9e1ce2421aef1df9d.php]
[ Sep 08 2011 07:07:14 ] [var/cache/ini/a4c5b4c6e394e4ffa6eed6704f5188fa.php]
[ Sep 08 2011 07:07:38 ] [var/cache/ini/a44bdb0da45f78a769f7b3ec404f97c5.php]
[ Sep 08 2011 07:07:38 ] [var/cache/ini/368e66b3a21d448c39ca8c0933583ef3.php]
[ Sep 08 2011 07:07:38 ] [var/cache/ini/acab0684546b52399d139e4b780b02ae.php]
[ Sep 08 2011 07:07:38 ] [var/cache/ini/21f3b6259419cfcdc3851adca6910782.php]
[ Sep 08 2011 07:07:38 ] [var/cache/ini/f5e4bc1c09aa58e9e1ce2421aef1df9d.php]
[ Sep 08 2011 07:07:38 ] [var/cache/ini/a4c5b4c6e394e4ffa6eed6704f5188fa.php]
[ Sep 12 2011 06:53:30 ] [var/cache/ini/a44bdb0da45f78a769f7b3ec404f97c5.php]
[ Sep 12 2011 06:53:30 ] [var/cache/ini/368e66b3a21d448c39ca8c0933583ef3.php]
[ Sep 12 2011 06:53:30 ] [var/cache/ini/acab0684546b52399d139e4b780b02ae.php]
[ Sep 12 2011 06:53:30 ] [var/cache/ini/21f3b6259419cfcdc3851adca6910782.php]
[ Sep 12 2011 06:53:30 ] [var/cache/ini/f5e4bc1c09aa58e9e1ce2421aef1df9d.php]
[ Sep 12 2011 06:53:30 ] [var/cache/ini/a4c5b4c6e394e4ffa6eed6704f5188fa.php]
[ Sep 12 2011 06:53:46 ] [var/cache/ini/a44bdb0da45f78a769f7b3ec404f97c5.php]
[ Sep 12 2011 06:53:46 ] [var/cache/ini/368e66b3a21d448c39ca8c0933583ef3.php]
[ Sep 12 2011 06:53:46 ] [var/cache/ini/acab0684546b52399d139e4b780b02ae.php]
[ Sep 12 2011 06:53:46 ] [var/cache/ini/21f3b6259419cfcdc3851adca6910782.php]
[ Sep 12 2011 06:53:46 ] [var/cache/ini/f5e4bc1c09aa58e9e1ce2421aef1df9d.php]
[ Sep 12 2011 06:53:46 ] [var/cache/ini/a4c5b4c6e394e4ffa6eed6704f5188fa.php]
[ Sep 26 2011 15:50:01 ] [var/cache/ini/a44bdb0da45f78a769f7b3ec404f97c5.php]
[ Sep 26 2011 15:50:01 ] [var/cache/ini/a4c5b4c6e394e4ffa6eed6704f5188fa.php]
[ Feb 27 2012 10:23:22 ] [var/cache/ini/a44bdb0da45f78a769f7b3ec404f97c5.php]
[ Feb 27 2012 10:23:22 ] [var/cache/ini/368e66b3a21d448c39ca8c0933583ef3.php]
[ Feb 27 2012 10:23:22 ] [var/cache/ini/acab0684546b52399d139e4b780b02ae.php]
[ Feb 27 2012 10:23:23 ] [var/cache/ini/21f3b6259419cfcdc3851adca6910782.php]
[ Feb 27 2012 10:23:23 ] [var/cache/ini/f5e4bc1c09aa58e9e1ce2421aef1df9d.php]
[ Feb 27 2012 10:23:24 ] [var/cache/ini/a4c5b4c6e394e4ffa6eed6704f5188fa.php]
[ Mar 21 2012 06:43:41 ] [var/cache/ini/a44bdb0da45f78a769f7b3ec404f97c5.php]
[ Mar 21 2012 06:43:41 ] [var/cache/ini/368e66b3a21d448c39ca8c0933583ef3.php]
[ Mar 21 2012 06:43:51 ] [var/cache/ini/acab0684546b52399d139e4b780b02ae.php]
[ Mar 21 2012 06:43:51 ] [var/cache/ini/21f3b6259419cfcdc3851adca6910782.php]
[ Mar 21 2012 06:43:51 ] [var/cache/ini/a4c5b4c6e394e4ffa6eed6704f5188fa.php]
[ Apr 16 2012 17:06:09 ] [var/cache/ini/a44bdb0da45f78a769f7b3ec404f97c5.php]
[ Apr 16 2012 17:06:09 ] [var/cache/ini/acab0684546b52399d139e4b780b02ae.php]
[ Apr 16 2012 17:06:09 ] [var/cache/ini/a44bdb0da45f78a769f7b3ec404f97c5.php]
[ Apr 16 2012 17:06:09 ] [var/cache/ini/368e66b3a21d448c39ca8c0933583ef3.php]
[ Apr 16 2012 17:06:09 ] [var/cache/ini/21f3b6259419cfcdc3851adca6910782.php]
[ Apr 16 2012 17:06:10 ] [var/cache/ini/f5e4bc1c09aa58e9e1ce2421aef1df9d.php]
[ Apr 16 2012 17:06:10 ] [var/cache/ini/f5e4bc1c09aa58e9e1ce2421aef1df9d.php]
[ Apr 16 2012 17:06:15 ] [var/cache/ini/a4c5b4c6e394e4ffa6eed6704f5188fa.php]
[ Apr 16 2012 17:06:15 ] [var/cache/ini/a4c5b4c6e394e4ffa6eed6704f5188fa.php]
[ Oct 12 2012 00:29:26 ] [var/cache/ini/a44bdb0da45f78a769f7b3ec404f97c5.php]
[ Oct 12 2012 00:29:26 ] [var/cache/ini/368e66b3a21d448c39ca8c0933583ef3.php]
[ Oct 12 2012 00:29:36 ] [var/cache/ini/acab0684546b52399d139e4b780b02ae.php]
[ Oct 12 2012 00:29:36 ] [var/cache/ini/21f3b6259419cfcdc3851adca6910782.php]
[ Oct 12 2012 00:29:36 ] [var/cache/ini/a4c5b4c6e394e4ffa6eed6704f5188fa.php]
[ Oct 12 2012 01:38:26 ] [var/cache/ini/a44bdb0da45f78a769f7b3ec404f97c5.php]
[ Oct 12 2012 01:38:26 ] [var/cache/ini/368e66b3a21d448c39ca8c0933583ef3.php]
[ Oct 12 2012 01:38:36 ] [var/cache/ini/acab0684546b52399d139e4b780b02ae.php]
[ Oct 12 2012 01:38:36 ] [var/cache/ini/21f3b6259419cfcdc3851adca6910782.php]
[ Oct 12 2012 01:38:36 ] [var/cache/ini/a4c5b4c6e394e4ffa6eed6704f5188fa.php]
[ Oct 19 2012 13:53:38 ] [var/cache/ini/a44bdb0da45f78a769f7b3ec404f97c5.php]
[ Oct 19 2012 13:53:38 ] [var/cache/ini/acab0684546b52399d139e4b780b02ae.php]
[ Oct 19 2012 13:53:38 ] [var/cache/ini/a44bdb0da45f78a769f7b3ec404f97c5.php]
[ Oct 19 2012 13:53:38 ] [var/cache/ini/acab0684546b52399d139e4b780b02ae.php]
[ Oct 19 2012 13:53:38 ] [var/cache/ini/a44bdb0da45f78a769f7b3ec404f97c5.php]
[ Oct 19 2012 13:53:38 ] [var/cache/ini/368e66b3a21d448c39ca8c0933583ef3.php]
[ Oct 19 2012 13:53:38 ] [var/cache/ini/21f3b6259419cfcdc3851adca6910782.php]
[ Oct 19 2012 13:53:39 ] [var/cache/ini/f5e4bc1c09aa58e9e1ce2421aef1df9d.php]
[ Oct 19 2012 13:53:39 ] [var/cache/ini/f5e4bc1c09aa58e9e1ce2421aef1df9d.php]
[ Oct 19 2012 13:53:39 ] [var/cache/ini/f5e4bc1c09aa58e9e1ce2421aef1df9d.php]
[ Oct 19 2012 13:53:44 ] [var/cache/ini/a4c5b4c6e394e4ffa6eed6704f5188fa.php]
[ Oct 19 2012 13:53:44 ] [var/cache/ini/a4c5b4c6e394e4ffa6eed6704f5188fa.php]
[ Oct 19 2012 13:53:44 ] [var/cache/ini/a4c5b4c6e394e4ffa6eed6704f5188fa.php]
[ Nov 12 2012 06:37:33 ] [var/cache/ini/a44bdb0da45f78a769f7b3ec404f97c5.php]
[ Nov 12 2012 06:37:33 ] [var/cache/ini/a4c5b4c6e394e4ffa6eed6704f5188fa.php]
